<?xml version="1.0" encoding="UTF-8"?>
<!-- Generated by org.testng.reporters.JUnitReportReporter -->
<testsuite hostname="LAPTOP-6RKQ1NV7" failures="0" tests="7" name="miroslavahristova.MHSeleniumFramework.StrypesTestBasic" time="15.924" errors="0" timestamp="2023-03-17T12:06:33 EET" skipped="0">
  <testcase classname="miroslavahristova.MHSeleniumFramework.StrypesTestBasic" name="tcClickLearnMore" time="4.883"/>
  <system-out/>
  <testcase classname="miroslavahristova.MHSeleniumFramework.StrypesTestBasic" name="tcOpenHomePageSlideFirst" time="1.285"/>
  <system-out/>
  <testcase classname="miroslavahristova.MHSeleniumFramework.StrypesTestBasic" name="tcSlileAutoChange" time="7.302"/>
  <system-out/>
  <testcase classname="miroslavahristova.MHSeleniumFramework.StrypesTestBasic" name="tcPagBulletsEqualToSlideCount" time="0.224"/>
  <system-out/>
  <testcase classname="miroslavahristova.MHSeleniumFramework.StrypesTestBasic" name="tcSlilePaginationNav" time="0.170"/>
  <system-out/>
  <testcase classname="miroslavahristova.MHSeleniumFramework.StrypesTestBasic" name="tcSlideNavLeftNarrow" time="0.392"/>
  <system-out/>
  <testcase classname="miroslavahristova.MHSeleniumFramework.StrypesTestBasic" name="tcSlideNavRightNarrow" time="1.668"/>
  <system-out/>
</testsuite> <!-- miroslavahristova.MHSeleniumFramework.StrypesTestBasic -->
